<?xml version="1.0" encoding="UTF-8"?>
<testsuite name="Robot Results" tests="6" errors="0" failures="0" skipped="0" time="1.532" timestamp="2026-09-04T12:07:33.468448">
<testsuite name="Operational" tests="6" errors="0" failures="0" skipped="0" time="1.494" timestamp="2026-09-04T12:07:33.935000">
<testsuite name="Connectivity" tests="3" errors="0" failures="0" skipped="0" time="0.700" timestamp="2026-09-04T12:07:33.935000">
<testcase classname="Robot Results.Operational.Connectivity" name="Verify DHCP Server Is Reachable" time="0.004">
</testcase>
<testcase classname="Robot Results.Operational.Connectivity" name="Verify DNS Servers Answer Queries" time="0.226">
</testcase>
<testcase classname="Robot Results.Operational.Connectivity" name="Verify DNS Servers Agree Or Both Fail" time="0.246">
</testcase>
<properties>
<property name="Documentation" value="Post-change connectivity verification for the ACI fabric.&#10;&#10;Test cases are rendered from the data model for every subnet&#10;that has a gateway and a resolvable candidate leaf. Whether a&#10;subnet CAN be reached externally is then decided in the test&#10;body, not at render time, so an unreachable subnet produces a&#10;visible SKIP or FAIL rather than silently vanishing from the&#10;report:&#10;&#10;  public true  + l3out present -&gt; run the check&#10;  public true  + l3out absent  -&gt; FAIL, advertised nowhere&#10;  public false + l3out present -&gt; FAIL, l3out cannot carry it&#10;  public false + l3out absent  -&gt; SKIP, internal by design&#10;&#10;CHANGED_SUBNETS then narrows execution to the subnets touched&#10;by this change; when it is empty the full configured set runs&#10;as a regression sweep.&#10;&#10;TEMPLATE WHITESPACE NOTE: nac-test renders with&#10;trim_blocks=True, so a Jinja block tag inside a test BODY&#10;swallows the newline that separates the next Robot line and&#10;the two get joined - which silently turned '${in_scope}=' into&#10;a [Tags] value. Never put a Jinja if/endif block inside a test&#10;body. Compute conditions and messages in the header and emit&#10;one unconditional line with a rendered True/False."/>
</properties>
</testsuite>
<testsuite name="Emea-Cto" tests="2" errors="0" failures="0" skipped="0" time="0.570" timestamp="2026-09-04T12:07:33.936133">
<testsuite name="L3Out" tests="2" errors="0" failures="0" skipped="0" time="0.569" timestamp="2026-09-04T12:07:33.936595">
<testcase classname="Robot Results.Operational.Emea-Cto.L3Out" name="Verify L3out l3out-to-core-01 BGP Peer 172.16.1.209/29 Node 1101 Interface 1" time="0.057">
</testcase>
<testcase classname="Robot Results.Operational.Emea-Cto.L3Out" name="Verify L3out l3out-to-core-01 BGP Peer 172.16.1.209/29 Node 1102 Interface 1" time="0.037">
</testcase>
<properties>
<property name="Documentation" value="Verify L3out Operational State"/>
</properties>
</testsuite>
</testsuite>
<testsuite name="Interface" tests="1" errors="0" failures="0" skipped="0" time="0.464" timestamp="2026-09-04T12:07:34.965197">
<testcase classname="Robot Results.Operational.Interface" name="Verify No Configured Interface Is Down Due To Error" time="0.063">
</testcase>
<properties>
<property name="Documentation" value="Verify Physical Interface Operational State"/>
</properties>
</testsuite>
</testsuite>
<properties>
<property name="Pabot Info" value="[https://pabot.org/?ref=log|Pabot] result from 3 executions."/>
<property name="Pabot Version" value="5.2.2"/>
</properties>
</testsuite>
