<?xml version="1.0" encoding="UTF-8"?>
<testsuite name="Robot Results" tests="26" errors="0" failures="3" skipped="0" time="19.019" timestamp="2026-09-03T18:43:45.981065">
<testsuite name="Operational" tests="26" errors="0" failures="3" skipped="0" time="18.469" timestamp="2026-09-03T18:43:46.479000">
<testsuite name="Connectivity" tests="6" errors="0" failures="2" skipped="0" time="18.469" timestamp="2026-09-03T18:43:46.480000">
<testcase classname="Robot Results.Operational.Connectivity" name="ICMP From Fabric Gateway 192.168.2.1 In emea-cto BD app-02-web To Internet" time="4.961">
<failure message="egress from app-02-web gw 192.168.2.1 (node 1101): iping did not run on 198.18.192.71 (&quot;% invalid&quot;) - check that VRF emea-cto:vrf-external exists, that source 192.168.2.1 is deployed on this leaf, and that the SSH credential is valid. Output: % Invalid source address&#10;ping: % 192.168.2.1 is an invalid Source. Use IP or full interface name without spaces (e.g. Ethernet1/1)&#10;cai-emea-site-01-leaf-1101" type="AssertionError"/>
</testcase>
<testcase classname="Robot Results.Operational.Connectivity" name="ICMP From Fabric Gateway 192.168.2.1 In emea-cto BD app-02-web To DNS Servers" time="9.703">
<failure message="Several failures occurred:&#10;&#10;1) dns 198.18.194.4 from app-02-web gw 192.168.2.1: iping did not run on 198.18.192.71 (&quot;% invalid&quot;) - check that VRF emea-cto:vrf-external exists, that source 192.168.2.1 is deployed on this leaf, and that the SSH credential is valid. Output: % Invalid source address&#10;ping: % 192.168.2.1 is an invalid Source. Use IP or full interface name without spaces (e.g. Ethernet1/1)&#10;cai-emea-site-01-leaf-1101&#10;&#10;2) dns 198.18.194.5 from app-02-web gw 192.168.2.1: iping did not run on 198.18.192.71 (&quot;% invalid&quot;) - check that VRF emea-cto:vrf-external exists, that source 192.168.2.1 is deployed on this leaf, and that the SSH credential is valid. Output: % Invalid source address&#10;ping: % 192.168.2.1 is an invalid Source. Use IP or full interface name without spaces (e.g. Ethernet1/1)&#10;cai-emea-site-01-leaf-1101" type="AssertionError"/>
</testcase>
<testcase classname="Robot Results.Operational.Connectivity" name="ICMP From Client To Gateway 192.168.2.1 In emea-cto BD app-02-web" time="3.125">
</testcase>
<testcase classname="Robot Results.Operational.Connectivity" name="Verify DHCP Server Is Reachable" time="0.004">
</testcase>
<testcase classname="Robot Results.Operational.Connectivity" name="Verify DNS Servers Answer Queries" time="0.226">
</testcase>
<testcase classname="Robot Results.Operational.Connectivity" name="Verify DNS Servers Agree Or Both Fail" time="0.226">
</testcase>
<properties>
<property name="Documentation" value="Post-change connectivity verification for the ACI fabric.&#10;&#10;Test cases are rendered from the data model for every subnet&#10;that has a gateway and a resolvable candidate leaf. Whether a&#10;subnet CAN be reached externally is then decided in the test&#10;body, not at render time, so an unreachable subnet produces a&#10;visible SKIP or FAIL rather than silently vanishing from the&#10;report:&#10;&#10;  public true  + l3out present -&gt; run the check&#10;  public true  + l3out absent  -&gt; FAIL, advertised nowhere&#10;  public false + l3out present -&gt; FAIL, l3out cannot carry it&#10;  public false + l3out absent  -&gt; SKIP, internal by design&#10;&#10;CHANGED_SUBNETS then narrows execution to the subnets touched&#10;by this change; when it is empty the full configured set runs&#10;as a regression sweep.&#10;&#10;TEMPLATE WHITESPACE NOTE: nac-test renders with&#10;trim_blocks=True, so a Jinja block tag inside a test BODY&#10;swallows the newline that separates the next Robot line and&#10;the two get joined - which silently turned '${in_scope}=' into&#10;a [Tags] value. Never put a Jinja if/endif block inside a test&#10;body. Compute conditions and messages in the header and emit&#10;one unconditional line with a rendered True/False."/>
</properties>
</testsuite>
<testsuite name="Emea-Cto" tests="15" errors="0" failures="0" skipped="0" time="2.044" timestamp="2026-09-03T18:43:46.480000">
<testsuite name="L3Out" tests="2" errors="0" failures="0" skipped="0" time="0.580" timestamp="2026-09-03T18:43:46.481062">
<testcase classname="Robot Results.Operational.Emea-Cto.L3Out" name="Verify L3out l3out-to-core-01 BGP Peer 172.16.1.209/29 Node 1101 Interface 1" time="0.058">
</testcase>
<testcase classname="Robot Results.Operational.Emea-Cto.L3Out" name="Verify L3out l3out-to-core-01 BGP Peer 172.16.1.209/29 Node 1102 Interface 1" time="0.038">
</testcase>
<properties>
<property name="Documentation" value="Verify L3out Operational State"/>
</properties>
</testsuite>
<testsuite name="Static Port" tests="13" errors="0" failures="0" skipped="0" time="1.008" timestamp="2026-09-03T18:43:47.516263">
<testcase classname="Robot Results.Operational.Emea-Cto.Static Port" name="Verify EPG 198.18.215.0_26 Deployed Path Count" time="0.042">
</testcase>
<testcase classname="Robot Results.Operational.Emea-Cto.Static Port" name="Verify EPG 198.18.215.0_26 Path vpc-ucs-test-01-6536-A VLAN 1228 Deployed" time="0.066">
</testcase>
<testcase classname="Robot Results.Operational.Emea-Cto.Static Port" name="Verify EPG 198.18.215.0_26 Path vpc-ucs-test-01-6536-B VLAN 1228 Deployed" time="0.040">
</testcase>
<testcase classname="Robot Results.Operational.Emea-Cto.Static Port" name="Verify EPG 198.18.215.0_26 Path vpc-ucs-prod-01-6454-A VLAN 1228 Deployed" time="0.042">
</testcase>
<testcase classname="Robot Results.Operational.Emea-Cto.Static Port" name="Verify EPG 198.18.215.0_26 Path vpc-ucs-prod-01-6454-B VLAN 1228 Deployed" time="0.040">
</testcase>
<testcase classname="Robot Results.Operational.Emea-Cto.Static Port" name="Verify EPG 198.18.215.64_26 Deployed Path Count" time="0.023">
</testcase>
<testcase classname="Robot Results.Operational.Emea-Cto.Static Port" name="Verify EPG 198.18.215.64_26 Path vpc-ucs-test-01-6536-A VLAN 1229 Deployed" time="0.062">
</testcase>
<testcase classname="Robot Results.Operational.Emea-Cto.Static Port" name="Verify EPG 198.18.215.64_26 Path vpc-ucs-test-01-6536-B VLAN 1229 Deployed" time="0.044">
</testcase>
<testcase classname="Robot Results.Operational.Emea-Cto.Static Port" name="Verify EPG 198.18.215.64_26 Path vpc-ucs-prod-01-6454-A VLAN 1229 Deployed" time="0.041">
</testcase>
<testcase classname="Robot Results.Operational.Emea-Cto.Static Port" name="Verify EPG 198.18.215.64_26 Path vpc-ucs-prod-01-6454-B VLAN 1229 Deployed" time="0.073">
</testcase>
<testcase classname="Robot Results.Operational.Emea-Cto.Static Port" name="Verify EPG 198.18.215.128_26 Deployed Path Count" time="0.017">
</testcase>
<testcase classname="Robot Results.Operational.Emea-Cto.Static Port" name="Verify EPG 198.18.215.128_26 Path vpc-ucs-test-01-6536-A VLAN 1230 Deployed" time="0.062">
</testcase>
<testcase classname="Robot Results.Operational.Emea-Cto.Static Port" name="Verify EPG 198.18.215.128_26 Path vpc-ucs-test-01-6536-B VLAN 1230 Deployed" time="0.041">
</testcase>
<properties>
<property name="Documentation" value="Verify EPG Static Path Deployment&#10;&#10;Two assertion levels per path:&#10;  1. The fvRsPathAtt MO exists (config accepted by APIC).&#10;  2. Its relation is not 'missing-target', which would mean the&#10;     vPC or interface policy group named in the path does not&#10;     exist - config present, no connectivity.&#10;&#10;NOTE: state='formed' is NOT asserted. Verified on this fabric&#10;that working vPC static paths report state='unformed' while&#10;vlanCktEp shows operSt=up with a real hwId, because the target&#10;fabricPathEp lives in the topology tree rather than the policy&#10;tree. Asserting 'formed' produces a false failure on every&#10;binding. Hardware programming is the reliable signal.&#10;&#10;CHANGED_PATHS can narrow execution to the bindings touched by&#10;this change, matched on full DN. Not wired into the pipeline:&#10;these are 13 sub-second API calls, so scoping saves nothing and&#10;a full sweep is the stronger statement. Leaving the variable&#10;unset runs everything."/>
</properties>
</testsuite>
</testsuite>
<testsuite name="Interface" tests="1" errors="0" failures="0" skipped="0" time="0.431" timestamp="2026-09-03T18:43:49.081666">
<testcase classname="Robot Results.Operational.Interface" name="Verify No Configured Interface Is Down Due To Error" time="0.056">
</testcase>
<properties>
<property name="Documentation" value="Verify Physical Interface Operational State"/>
</properties>
</testsuite>
<testsuite name="Vpc" tests="4" errors="0" failures="1" skipped="0" time="0.593" timestamp="2026-09-03T18:43:49.963970">
<testcase classname="Robot Results.Operational.Vpc" name="Verify vPC Bundle vpc-ucs-test-01-6536-A Is Up On Both Peers" time="0.087">
</testcase>
<testcase classname="Robot Results.Operational.Vpc" name="Verify vPC Bundle vpc-ucs-test-01-6536-B Is Up On Both Peers" time="0.046">
</testcase>
<testcase classname="Robot Results.Operational.Vpc" name="Verify vPC Bundle vpc-ucs-prod-01-6454-A Is Up On Both Peers" time="0.046">
<failure message="Several failures occurred:&#10;&#10;1) &quot;vpc-ucs-prod-01-6454-A: localOperSt is down, expected up&quot;&#10;&#10;2) &quot;vpc-ucs-prod-01-6454-A: remoteOperSt is down, expected up&quot;" type="AssertionError"/>
</testcase>
<testcase classname="Robot Results.Operational.Vpc" name="Verify vPC Bundle vpc-ucs-prod-01-6454-B Is Up On Both Peers" time="0.046">
</testcase>
<properties>
<property name="Documentation" value="Verify vPC Domain And Member Interface State"/>
</properties>
</testsuite>
</testsuite>
<properties>
<property name="Pabot Info" value="[https://pabot.org/?ref=log|Pabot] result from 5 executions."/>
<property name="Pabot Version" value="5.2.2"/>
</properties>
</testsuite>
