<?xml version="1.0" encoding="UTF-8"?>
<testsuite name="Robot Results" tests="32" errors="0" failures="9" skipped="0" time="3.220" timestamp="2026-08-31T20:41:20.780115">
<testsuite name="Operational" tests="32" errors="0" failures="9" skipped="0" time="3.050" timestamp="2026-08-31T20:41:21.269000">
<testsuite name="Connectivity" tests="12" errors="0" failures="9" skipped="0" time="0.686" timestamp="2026-08-31T20:41:21.270000">
<testcase classname="Robot Results.Operational.Connectivity" name="Fabric Egress From emea-cto 198.18.215.0_26 Gateway 198.18.215.1" time="0.002">
<failure message="Variable '${in_scope}' not found." type="AssertionError"/>
</testcase>
<testcase classname="Robot Results.Operational.Connectivity" name="Fabric Reach DNS From emea-cto 198.18.215.0_26 Gateway 198.18.215.1" time="0.002">
<failure message="Variable '${in_scope}' not found." type="AssertionError"/>
</testcase>
<testcase classname="Robot Results.Operational.Connectivity" name="Runner Ping Gateway 198.18.215.1 In emea-cto BD 198.18.215.0_26" time="0.002">
<failure message="Variable '${in_scope}' not found." type="AssertionError"/>
</testcase>
<testcase classname="Robot Results.Operational.Connectivity" name="Fabric Egress From emea-cto 198.18.215.64_26 Gateway 198.18.215.65" time="0.001">
<failure message="Variable '${in_scope}' not found." type="AssertionError"/>
</testcase>
<testcase classname="Robot Results.Operational.Connectivity" name="Fabric Reach DNS From emea-cto 198.18.215.64_26 Gateway 198.18.215.65" time="0.001">
<failure message="Variable '${in_scope}' not found." type="AssertionError"/>
</testcase>
<testcase classname="Robot Results.Operational.Connectivity" name="Runner Ping Gateway 198.18.215.65 In emea-cto BD 198.18.215.64_26" time="0.001">
<failure message="Variable '${in_scope}' not found." type="AssertionError"/>
</testcase>
<testcase classname="Robot Results.Operational.Connectivity" name="Fabric Egress From emea-cto 198.18.215.128_26 Gateway 198.18.215.129" time="0.002">
<failure message="Variable '${in_scope}' not found." type="AssertionError"/>
</testcase>
<testcase classname="Robot Results.Operational.Connectivity" name="Fabric Reach DNS From emea-cto 198.18.215.128_26 Gateway 198.18.215.129" time="0.001">
<failure message="Variable '${in_scope}' not found." type="AssertionError"/>
</testcase>
<testcase classname="Robot Results.Operational.Connectivity" name="Runner Ping Gateway 198.18.215.129 In emea-cto BD 198.18.215.128_26" time="0.001">
<failure message="Variable '${in_scope}' not found." type="AssertionError"/>
</testcase>
<testcase classname="Robot Results.Operational.Connectivity" name="Verify DHCP Server Is Reachable" time="0.004">
</testcase>
<testcase classname="Robot Results.Operational.Connectivity" name="Verify DNS Servers Answer Queries" time="0.222">
</testcase>
<testcase classname="Robot Results.Operational.Connectivity" name="Verify DNS Servers Agree Or Both Fail" time="0.224">
</testcase>
<properties>
[...]
</properties>
</testsuite>
<testsuite name="Emea-Cto" tests="15" errors="0" failures="0" skipped="0" time="2.055" timestamp="2026-08-31T20:41:21.270000">
<testsuite name="L3Out" tests="2" errors="0" failures="0" skipped="0" time="0.598" timestamp="2026-08-31T20:41:21.270838">
<testcase classname="Robot Results.Operational.Emea-Cto.L3Out" name="Verify L3out l3out-to-core-01 BGP Peer 172.16.1.209/29 Node 1101 Interface 1" time="0.060">
</testcase>
<testcase classname="Robot Results.Operational.Emea-Cto.L3Out" name="Verify L3out l3out-to-core-01 BGP Peer 172.16.1.209/29 Node 1102 Interface 1" time="0.038">
</testcase>
<properties>
<property name="Documentation" value="Verify L3out Operational State"/>
</properties>
</testsuite>
<testsuite name="Static Port" tests="13" errors="0" failures="0" skipped="0" time="1.031" timestamp="2026-08-31T20:41:22.293663">
<testcase classname="Robot Results.Operational.Emea-Cto.Static Port" name="Verify EPG 198.18.215.0_26 Deployed Path Count" time="0.041">
</testcase>
<testcase classname="Robot Results.Operational.Emea-Cto.Static Port" name="Verify EPG 198.18.215.0_26 Path vpc-ucs-test-01-6536-A VLAN 1228 Deployed" time="0.060">
</testcase>
<testcase classname="Robot Results.Operational.Emea-Cto.Static Port" name="Verify EPG 198.18.215.0_26 Path vpc-ucs-test-01-6536-B VLAN 1228 Deployed" time="0.041">
</testcase>
<testcase classname="Robot Results.Operational.Emea-Cto.Static Port" name="Verify EPG 198.18.215.0_26 Path vpc-ucs-prod-01-6454-A VLAN 1228 Deployed" time="0.044">
</testcase>
<testcase classname="Robot Results.Operational.Emea-Cto.Static Port" name="Verify EPG 198.18.215.0_26 Path vpc-ucs-prod-01-6454-B VLAN 1228 Deployed" time="0.042">
</testcase>
<testcase classname="Robot Results.Operational.Emea-Cto.Static Port" name="Verify EPG 198.18.215.64_26 Deployed Path Count" time="0.021">
</testcase>
<testcase classname="Robot Results.Operational.Emea-Cto.Static Port" name="Verify EPG 198.18.215.64_26 Path vpc-ucs-test-01-6536-A VLAN 1229 Deployed" time="0.071">
</testcase>
<testcase classname="Robot Results.Operational.Emea-Cto.Static Port" name="Verify EPG 198.18.215.64_26 Path vpc-ucs-test-01-6536-B VLAN 1229 Deployed" time="0.041">
</testcase>
<testcase classname="Robot Results.Operational.Emea-Cto.Static Port" name="Verify EPG 198.18.215.64_26 Path vpc-ucs-prod-01-6454-A VLAN 1229 Deployed" time="0.047">
</testcase>
<testcase classname="Robot Results.Operational.Emea-Cto.Static Port" name="Verify EPG 198.18.215.64_26 Path vpc-ucs-prod-01-6454-B VLAN 1229 Deployed" time="0.080">
</testcase>
<testcase classname="Robot Results.Operational.Emea-Cto.Static Port" name="Verify EPG 198.18.215.128_26 Deployed Path Count" time="0.023">
</testcase>
<testcase classname="Robot Results.Operational.Emea-Cto.Static Port" name="Verify EPG 198.18.215.128_26 Path vpc-ucs-test-01-6536-A VLAN 1230 Deployed" time="0.059">
</testcase>
<testcase classname="Robot Results.Operational.Emea-Cto.Static Port" name="Verify EPG 198.18.215.128_26 Path vpc-ucs-test-01-6536-B VLAN 1230 Deployed" time="0.043">
</testcase>
<properties>
<property name="Documentation" value="Verify EPG Static Path Deployment&#10;&#10;Two assertion levels per path:&#10;  1. The fvRsPathAtt MO exists (config accepted by APIC).&#10;  2. Its relation is not 'missing-target', which would mean the&#10;     vPC or interface policy group named in the path does not&#10;     exist - config present, no connectivity.&#10;&#10;NOTE: state='formed' is NOT asserted. Verified on this fabric&#10;that working vPC static paths report state='unformed' while&#10;vlanCktEp shows operSt=up with a real hwId, because the target&#10;fabricPathEp lives in the topology tree rather than the policy&#10;tree. Asserting 'formed' produces a false failure on every&#10;binding. Hardware programming is the reliable signal.&#10;&#10;CHANGED_PATHS can narrow execution to the bindings touched by&#10;this change, matched on full DN. Not wired into the pipeline:&#10;these are 13 sub-second API calls, so scoping saves nothing and&#10;a full sweep is the stronger statement. Leaving the variable&#10;unset runs everything."/>
</properties>
</testsuite>
</testsuite>
<testsuite name="Interface" tests="1" errors="0" failures="0" skipped="0" time="0.426" timestamp="2026-08-31T20:41:22.727439">
<testcase classname="Robot Results.Operational.Interface" name="Verify No Configured Interface Is Down Due To Error" time="0.052">
</testcase>
<properties>
<property name="Documentation" value="Verify Physical Interface Operational State"/>
</properties>
</testsuite>
<testsuite name="Vpc" tests="4" errors="0" failures="0" skipped="0" time="0.646" timestamp="2026-08-31T20:41:23.672889">
<testcase classname="Robot Results.Operational.Vpc" name="Verify vPC Bundle vpc-ucs-test-01-6536-A Is Up On Both Peers" time="0.071">
</testcase>
<testcase classname="Robot Results.Operational.Vpc" name="Verify vPC Bundle vpc-ucs-test-01-6536-B Is Up On Both Peers" time="0.074">
</testcase>
<testcase classname="Robot Results.Operational.Vpc" name="Verify vPC Bundle vpc-ucs-prod-01-6454-A Is Up On Both Peers" time="0.048">
</testcase>
<testcase classname="Robot Results.Operational.Vpc" name="Verify vPC Bundle vpc-ucs-prod-01-6454-B Is Up On Both Peers" time="0.064">
</testcase>
<properties>
<property name="Documentation" value="Verify vPC Domain And Member Interface State"/>
</properties>
</testsuite>
</testsuite>
<properties>
<property name="Pabot Info" value="[https://pabot.org/?ref=log|Pabot] result from 5 executions."/>
<property name="Pabot Version" value="5.2.2"/>
</properties>
</testsuite>
